<?xml version="1.0" encoding="UTF-8"?>
<testng-results skipped="0" failed="1" total="5" passed="4">
  <reporter-output>
  </reporter-output>
  <suite name="Suite" duration-ms="22713" started-at="2021-05-25T19:43:53Z" finished-at="2021-05-25T19:44:16Z">
    <groups>
    </groups>
    <test name="Application test" duration-ms="5" started-at="2021-05-25T19:43:53Z" finished-at="2021-05-25T19:43:53Z">
    </test> <!-- Application test -->
    <test name="Validating Title" duration-ms="14234" started-at="2021-05-25T19:43:53Z" finished-at="2021-05-25T19:44:07Z">
      <class name="E2EProject.validateTitle">
        <test-method status="PASS" signature="initialize()[pri:0, instance:E2EProject.validateTitle@5852c06f]" name="initialize" is-config="true" duration-ms="10932" started-at="2021-05-26T01:13:53Z" finished-at="2021-05-26T01:14:04Z">
          <reporter-output>
          </reporter-output>
        </test-method> <!-- initialize -->
        <test-method status="FAIL" signature="validateTitlePage()[pri:0, instance:E2EProject.validateTitle@5852c06f]" name="validateTitlePage" duration-ms="141" started-at="2021-05-26T01:14:04Z" finished-at="2021-05-26T01:14:04Z">
          <exception class="java.lang.AssertionError">
            <message>
              <![CDATA[expected [FEATURED C123OURSES] but found [FEATURED COURSES]]]>
            </message>
            <full-stacktrace>
              <![CDATA[java.lang.AssertionError: expected [FEATURED C123OURSES] but found [FEATURED COURSES]
	at org.testng.Assert.fail(Assert.java:94)
	at org.testng.Assert.failNotEquals(Assert.java:494)
	at org.testng.Assert.assertEquals(Assert.java:123)
	at org.testng.Assert.assertEquals(Assert.java:176)
	at org.testng.Assert.assertEquals(Assert.java:186)
	at E2EProject.validateTitle.validateTitlePage(validateTitle.java:31)
	at sun.reflect.NativeMethodAccessorImpl.invoke0(Native Method)
	at sun.reflect.NativeMethodAccessorImpl.invoke(NativeMethodAccessorImpl.java:62)
	at sun.reflect.DelegatingMethodAccessorImpl.invoke(DelegatingMethodAccessorImpl.java:43)
	at java.lang.reflect.Method.invoke(Method.java:498)
	at org.testng.internal.MethodInvocationHelper.invokeMethod(MethodInvocationHelper.java:80)
	at org.testng.internal.Invoker.invokeMethod(Invoker.java:714)
	at org.testng.internal.Invoker.invokeTestMethod(Invoker.java:901)
	at org.testng.internal.Invoker.invokeTestMethods(Invoker.java:1231)
	at org.testng.internal.TestMethodWorker.invokeTestMethods(TestMethodWorker.java:127)
	at org.testng.internal.TestMethodWorker.run(TestMethodWorker.java:111)
	at org.testng.TestRunner.privateRun(TestRunner.java:767)
	at org.testng.TestRunner.run(TestRunner.java:617)
	at org.testng.SuiteRunner.runTest(SuiteRunner.java:334)
	at org.testng.SuiteRunner.access$000(SuiteRunner.java:37)
	at org.testng.SuiteRunner$SuiteWorker.run(SuiteRunner.java:368)
	at org.testng.internal.thread.ThreadUtil$2.call(ThreadUtil.java:64)
	at java.util.concurrent.FutureTask.run(FutureTask.java:266)
	at java.util.concurrent.ThreadPoolExecutor.runWorker(ThreadPoolExecutor.java:1149)
	at java.util.concurrent.ThreadPoolExecutor$Worker.run(ThreadPoolExecutor.java:624)
	at java.lang.Thread.run(Thread.java:748)
]]>
            </full-stacktrace>
          </exception> <!-- java.lang.AssertionError -->
          <reporter-output>
          </reporter-output>
        </test-method> <!-- validateTitlePage -->
        <test-method status="PASS" signature="validateTitlePageHeader()[pri:0, instance:E2EProject.validateTitle@5852c06f]" name="validateTitlePageHeader" duration-ms="174" started-at="2021-05-26T01:14:05Z" finished-at="2021-05-26T01:14:05Z">
          <reporter-output>
          </reporter-output>
        </test-method> <!-- validateTitlePageHeader -->
        <test-method status="PASS" signature="teardown()[pri:0, instance:E2EProject.validateTitle@5852c06f]" name="teardown" is-config="true" duration-ms="2094" started-at="2021-05-26T01:14:05Z" finished-at="2021-05-26T01:14:07Z">
          <reporter-output>
          </reporter-output>
        </test-method> <!-- teardown -->
      </class> <!-- E2EProject.validateTitle -->
    </test> <!-- Validating Title -->
    <test name="Validating Navigation Bar" duration-ms="14679" started-at="2021-05-25T19:43:53Z" finished-at="2021-05-25T19:44:08Z">
      <class name="E2EProject.validateNavigationPage">
        <test-method status="PASS" signature="initialize()[pri:0, instance:E2EProject.validateNavigationPage@54e041a4]" name="initialize" is-config="true" duration-ms="14370" started-at="2021-05-26T01:13:53Z" finished-at="2021-05-26T01:14:07Z">
          <reporter-output>
          </reporter-output>
        </test-method> <!-- initialize -->
        <test-method status="PASS" signature="validatebaseNavigationPage()[pri:0, instance:E2EProject.validateNavigationPage@54e041a4]" name="validatebaseNavigationPage" duration-ms="103" started-at="2021-05-26T01:14:07Z" finished-at="2021-05-26T01:14:07Z">
          <reporter-output>
          </reporter-output>
        </test-method> <!-- validatebaseNavigationPage -->
        <test-method status="PASS" signature="teardown()[pri:0, instance:E2EProject.validateNavigationPage@54e041a4]" name="teardown" is-config="true" duration-ms="204" started-at="2021-05-26T01:14:07Z" finished-at="2021-05-26T01:14:08Z">
          <reporter-output>
          </reporter-output>
        </test-method> <!-- teardown -->
      </class> <!-- E2EProject.validateNavigationPage -->
    </test> <!-- Validating Navigation Bar -->
    <test name="Validating Home Page" duration-ms="22713" started-at="2021-05-25T19:43:53Z" finished-at="2021-05-25T19:44:16Z">
      <class name="E2EProject.HomePage">
        <test-method status="PASS" signature="initialize()[pri:0, instance:E2EProject.HomePage@503f91c3]" name="initialize" is-config="true" duration-ms="10586" started-at="2021-05-26T01:13:53Z" finished-at="2021-05-26T01:14:03Z">
          <reporter-output>
          </reporter-output>
        </test-method> <!-- initialize -->
        <test-method status="PASS" signature="basePagenavigation(java.lang.String, java.lang.String, java.lang.String)[pri:0, instance:E2EProject.HomePage@503f91c3]" name="basePagenavigation" duration-ms="2902" started-at="2021-05-26T01:14:03Z" data-provider="getdata" finished-at="2021-05-26T01:14:06Z">
          <params>
            <param index="0">
              <value>
                <![CDATA[nonrestricteduser@gmail.com]]>
              </value>
            </param>
            <param index="1">
              <value>
                <![CDATA[12345]]>
              </value>
            </param>
            <param index="2">
              <value>
                <![CDATA[Non Restricted User]]>
              </value>
            </param>
          </params>
          <reporter-output>
          </reporter-output>
        </test-method> <!-- basePagenavigation -->
        <test-method status="PASS" signature="teardown()[pri:0, instance:E2EProject.HomePage@503f91c3]" name="teardown" is-config="true" duration-ms="1295" started-at="2021-05-26T01:14:06Z" finished-at="2021-05-26T01:14:08Z">
          <reporter-output>
          </reporter-output>
        </test-method> <!-- teardown -->
        <test-method status="PASS" signature="initialize()[pri:0, instance:E2EProject.HomePage@503f91c3]" name="initialize" is-config="true" duration-ms="5974" started-at="2021-05-26T01:14:08Z" finished-at="2021-05-26T01:14:14Z">
          <reporter-output>
          </reporter-output>
        </test-method> <!-- initialize -->
        <test-method status="PASS" signature="basePagenavigation(java.lang.String, java.lang.String, java.lang.String)[pri:0, instance:E2EProject.HomePage@503f91c3]" name="basePagenavigation" duration-ms="1789" started-at="2021-05-26T01:14:14Z" data-provider="getdata" finished-at="2021-05-26T01:14:15Z">
          <params>
            <param index="0">
              <value>
                <![CDATA[restricteduser@gmail.com]]>
              </value>
            </param>
            <param index="1">
              <value>
                <![CDATA[67890]]>
              </value>
            </param>
            <param index="2">
              <value>
                <![CDATA[Restricted User]]>
              </value>
            </param>
          </params>
          <reporter-output>
          </reporter-output>
        </test-method> <!-- basePagenavigation -->
        <test-method status="PASS" signature="teardown()[pri:0, instance:E2EProject.HomePage@503f91c3]" name="teardown" is-config="true" duration-ms="114" started-at="2021-05-26T01:14:15Z" finished-at="2021-05-26T01:14:16Z">
          <reporter-output>
          </reporter-output>
        </test-method> <!-- teardown -->
      </class> <!-- E2EProject.HomePage -->
    </test> <!-- Validating Home Page -->
  </suite> <!-- Suite -->
</testng-results>
