<?xml version="1.0" encoding="UTF-8"?>
<!-- Generated by org.testng.reporters.JUnitXMLReporter -->
<testsuite hostname="DESKTOP-TVKB4F5" failures="1" tests="1" name="Validating Title" time="18.099" errors="0" timestamp="24 May 2021 19:35:35 GMT">
  <testcase classname="E2EProject.validateTitle" name="validateTitlePage" time="0.161">
    <failure type="java.lang.AssertionError" message="expected [FEATURED C123OURSES] but found [FEATURED COURSES]">
      <![CDATA[java.lang.AssertionError: expected [FEATURED C123OURSES] but found [FEATURED COURSES]
	at E2EProject.validateTitle.validateTitlePage(validateTitle.java:30)
	at java.base/java.util.concurrent.FutureTask.run(FutureTask.java:264)
	at java.base/java.util.concurrent.ThreadPoolExecutor.runWorker(ThreadPoolExecutor.java:1130)
	at java.base/java.util.concurrent.ThreadPoolExecutor$Worker.run(ThreadPoolExecutor.java:630)
	at java.base/java.lang.Thread.run(Thread.java:832)
... Removed 21 stack frames]]>
    </failure>
  </testcase> <!-- validateTitlePage -->
</testsuite> <!-- Validating Title -->
