<?xml version="1.0" encoding="UTF-8"?>
<testng-results total="4" passed="3" failed="1" skipped="0">
  <reporter-output>
  </reporter-output>
  <suite started-at="2021-05-24T19:35:17Z" name="Suite" finished-at="2021-05-24T19:35:43Z" duration-ms="26584">
    <groups>
    </groups>
    <test started-at="2021-05-24T19:35:17Z" name="Application test" finished-at="2021-05-24T19:35:17Z" duration-ms="14">
    </test> <!-- Application test -->
    <test started-at="2021-05-24T19:35:17Z" name="Validating Navigation Bar" finished-at="2021-05-24T19:35:30Z" duration-ms="13825">
      <class name="E2EProject.validateNavigationPage">
        <test-method is-config="true" signature="initialize()[pri:0, instance:E2EProject.validateNavigationPage@38600b]" started-at="2021-05-25T01:05:17Z" name="initialize" finished-at="2021-05-25T01:05:29Z" duration-ms="12084" status="PASS">
          <reporter-output>
          </reporter-output>
        </test-method> <!-- initialize -->
        <test-method signature="validatebaseNavigationPage()[pri:0, instance:E2EProject.validateNavigationPage@38600b]" started-at="2021-05-25T01:05:29Z" name="validatebaseNavigationPage" finished-at="2021-05-25T01:05:29Z" duration-ms="208" status="PASS">
          <reporter-output>
          </reporter-output>
        </test-method> <!-- validatebaseNavigationPage -->
        <test-method is-config="true" signature="teardown()[pri:0, instance:E2EProject.validateNavigationPage@38600b]" started-at="2021-05-25T01:05:29Z" name="teardown" finished-at="2021-05-25T01:05:30Z" duration-ms="1508" status="PASS">
          <reporter-output>
          </reporter-output>
        </test-method> <!-- teardown -->
      </class> <!-- E2EProject.validateNavigationPage -->
    </test> <!-- Validating Navigation Bar -->
    <test started-at="2021-05-24T19:35:17Z" name="Validating Title" finished-at="2021-05-24T19:35:35Z" duration-ms="18099">
      <class name="E2EProject.validateTitle">
        <test-method is-config="true" signature="initialize()[pri:0, instance:E2EProject.validateTitle@5ab9b447]" started-at="2021-05-25T01:05:17Z" name="initialize" finished-at="2021-05-25T01:05:29Z" duration-ms="12343" status="PASS">
          <reporter-output>
          </reporter-output>
        </test-method> <!-- initialize -->
        <test-method signature="validateTitlePage()[pri:0, instance:E2EProject.validateTitle@5ab9b447]" started-at="2021-05-25T01:05:29Z" name="validateTitlePage" finished-at="2021-05-25T01:05:29Z" duration-ms="161" status="FAIL">
          <exception class="java.lang.AssertionError">
            <message>
              <![CDATA[expected [FEATURED C123OURSES] but found [FEATURED COURSES]]]>
            </message>
            <full-stacktrace>
              <![CDATA[java.lang.AssertionError: expected [FEATURED C123OURSES] but found [FEATURED COURSES]
	at org.testng.Assert.fail(Assert.java:94)
	at org.testng.Assert.failNotEquals(Assert.java:494)
	at org.testng.Assert.assertEquals(Assert.java:123)
	at org.testng.Assert.assertEquals(Assert.java:176)
	at org.testng.Assert.assertEquals(Assert.java:186)
	at E2EProject.validateTitle.validateTitlePage(validateTitle.java:30)
	at java.base/jdk.internal.reflect.NativeMethodAccessorImpl.invoke0(Native Method)
	at java.base/jdk.internal.reflect.NativeMethodAccessorImpl.invoke(NativeMethodAccessorImpl.java:64)
	at java.base/jdk.internal.reflect.DelegatingMethodAccessorImpl.invoke(DelegatingMethodAccessorImpl.java:43)
	at java.base/java.lang.reflect.Method.invoke(Method.java:564)
	at org.testng.internal.MethodInvocationHelper.invokeMethod(MethodInvocationHelper.java:80)
	at org.testng.internal.Invoker.invokeMethod(Invoker.java:714)
	at org.testng.internal.Invoker.invokeTestMethod(Invoker.java:901)
	at org.testng.internal.Invoker.invokeTestMethods(Invoker.java:1231)
	at org.testng.internal.TestMethodWorker.invokeTestMethods(TestMethodWorker.java:127)
	at org.testng.internal.TestMethodWorker.run(TestMethodWorker.java:111)
	at org.testng.TestRunner.privateRun(TestRunner.java:767)
	at org.testng.TestRunner.run(TestRunner.java:617)
	at org.testng.SuiteRunner.runTest(SuiteRunner.java:334)
	at org.testng.SuiteRunner.access$000(SuiteRunner.java:37)
	at org.testng.SuiteRunner$SuiteWorker.run(SuiteRunner.java:368)
	at org.testng.internal.thread.ThreadUtil$2.call(ThreadUtil.java:64)
	at java.base/java.util.concurrent.FutureTask.run(FutureTask.java:264)
	at java.base/java.util.concurrent.ThreadPoolExecutor.runWorker(ThreadPoolExecutor.java:1130)
	at java.base/java.util.concurrent.ThreadPoolExecutor$Worker.run(ThreadPoolExecutor.java:630)
	at java.base/java.lang.Thread.run(Thread.java:832)
]]>
            </full-stacktrace>
          </exception> <!-- java.lang.AssertionError -->
          <reporter-output>
          </reporter-output>
        </test-method> <!-- validateTitlePage -->
        <test-method is-config="true" signature="teardown()[pri:0, instance:E2EProject.validateTitle@5ab9b447]" started-at="2021-05-25T01:05:30Z" name="teardown" finished-at="2021-05-25T01:05:35Z" duration-ms="5075" status="PASS">
          <reporter-output>
          </reporter-output>
        </test-method> <!-- teardown -->
      </class> <!-- E2EProject.validateTitle -->
    </test> <!-- Validating Title -->
    <test started-at="2021-05-24T19:35:17Z" name="Validating Home Page" finished-at="2021-05-24T19:35:43Z" duration-ms="26584">
      <class name="E2EProject.HomePage">
        <test-method is-config="true" signature="initialize()[pri:0, instance:E2EProject.HomePage@38d5b107]" started-at="2021-05-25T01:05:17Z" name="initialize" finished-at="2021-05-25T01:05:29Z" duration-ms="12210" status="PASS">
          <reporter-output>
          </reporter-output>
        </test-method> <!-- initialize -->
        <test-method signature="basePagenavigation(java.lang.String, java.lang.String, java.lang.String)[pri:0, instance:E2EProject.HomePage@38d5b107]" started-at="2021-05-25T01:05:29Z" name="basePagenavigation" data-provider="getdata" finished-at="2021-05-25T01:05:32Z" duration-ms="2951" status="PASS">
          <params>
            <param index="0">
              <value>
                <![CDATA[nonrestricteduser@gmail.com]]>
              </value>
            </param>
            <param index="1">
              <value>
                <![CDATA[12345]]>
              </value>
            </param>
            <param index="2">
              <value>
                <![CDATA[Non Restricted User]]>
              </value>
            </param>
          </params>
          <reporter-output>
          </reporter-output>
        </test-method> <!-- basePagenavigation -->
        <test-method is-config="true" signature="teardown()[pri:0, instance:E2EProject.HomePage@38d5b107]" started-at="2021-05-25T01:05:32Z" name="teardown" finished-at="2021-05-25T01:05:32Z" duration-ms="169" status="PASS">
          <reporter-output>
          </reporter-output>
        </test-method> <!-- teardown -->
        <test-method is-config="true" signature="initialize()[pri:0, instance:E2EProject.HomePage@38d5b107]" started-at="2021-05-25T01:05:32Z" name="initialize" finished-at="2021-05-25T01:05:41Z" duration-ms="9417" status="PASS">
          <reporter-output>
          </reporter-output>
        </test-method> <!-- initialize -->
        <test-method signature="basePagenavigation(java.lang.String, java.lang.String, java.lang.String)[pri:0, instance:E2EProject.HomePage@38d5b107]" started-at="2021-05-25T01:05:41Z" name="basePagenavigation" data-provider="getdata" finished-at="2021-05-25T01:05:43Z" duration-ms="1577" status="PASS">
          <params>
            <param index="0">
              <value>
                <![CDATA[restricteduser@gmail.com]]>
              </value>
            </param>
            <param index="1">
              <value>
                <![CDATA[67890]]>
              </value>
            </param>
            <param index="2">
              <value>
                <![CDATA[Restricted User]]>
              </value>
            </param>
          </params>
          <reporter-output>
          </reporter-output>
        </test-method> <!-- basePagenavigation -->
        <test-method is-config="true" signature="teardown()[pri:0, instance:E2EProject.HomePage@38d5b107]" started-at="2021-05-25T01:05:43Z" name="teardown" finished-at="2021-05-25T01:05:43Z" duration-ms="214" status="PASS">
          <reporter-output>
          </reporter-output>
        </test-method> <!-- teardown -->
      </class> <!-- E2EProject.HomePage -->
    </test> <!-- Validating Home Page -->
  </suite> <!-- Suite -->
</testng-results>
