<?xml version="1.0" encoding="UTF-8"?>
<!-- Generated by org.testng.reporters.JUnitXMLReporter -->
<testsuite hostname="DESKTOP-TVKB4F5" name="Validating Title" tests="2" failures="1" timestamp="25 May 2021 19:44:07 GMT" time="14.234" errors="0">
  <testcase name="validateTitlePage" time="0.141" classname="E2EProject.validateTitle">
    <failure type="java.lang.AssertionError" message="expected [FEATURED C123OURSES] but found [FEATURED COURSES]">
      <![CDATA[java.lang.AssertionError: expected [FEATURED C123OURSES] but found [FEATURED COURSES]
	at E2EProject.validateTitle.validateTitlePage(validateTitle.java:31)
	at java.util.concurrent.FutureTask.run(FutureTask.java:266)
	at java.util.concurrent.ThreadPoolExecutor.runWorker(ThreadPoolExecutor.java:1149)
	at java.util.concurrent.ThreadPoolExecutor$Worker.run(ThreadPoolExecutor.java:624)
	at java.lang.Thread.run(Thread.java:748)
... Removed 21 stack frames]]>
    </failure>
  </testcase> <!-- validateTitlePage -->
  <testcase name="validateTitlePageHeader" time="0.174" classname="E2EProject.validateTitle"/>
</testsuite> <!-- Validating Title -->
